2026-03-07 16:01:44,975 - INFO - Starting AI News Intelligence ingestion pipeline...
2026-03-07 16:01:44,975 - INFO - Fetching news from https://newsapi.org/v2/top-headlines...
2026-03-07 16:01:45,158 - INFO - Successfully fetched 18 articles.
2026-03-07 16:01:45,159 - INFO - Filtered 18 raw articles down to 18 valid articles.
2026-03-07 16:01:45,159 - INFO - Successfully saved 18 articles to data/news.json.
2026-03-07 16:01:45,160 - INFO - Pipeline execution completed successfully.
2026-03-07 16:11:05,204 - INFO - Starting AI News Intelligence ingestion pipeline...
2026-03-07 16:11:05,204 - INFO - Initializing database schema...
2026-03-07 16:11:05,213 - INFO - Database schema verified.
2026-03-07 16:11:05,213 - INFO - Fetching news from https://newsapi.org/v2/top-headlines...
2026-03-07 16:11:06,204 - INFO - Successfully fetched 19 articles.
2026-03-07 16:11:06,205 - INFO - Filtered 19 raw articles down to 19 valid articles.
2026-03-07 16:11:06,205 - INFO - Attempting to insert 19 articles into the database...
2026-03-07 16:11:06,219 - INFO - Successfully inserted 19 new articles. Ignored 0 historical duplicates.
2026-03-07 16:11:06,219 - INFO - Pipeline execution completed successfully.
2026-03-07 16:12:34,790 - INFO - Starting AI News Intelligence ingestion pipeline...
2026-03-07 16:12:34,790 - INFO - Initializing database schema...
2026-03-07 16:12:34,791 - INFO - Database schema verified.
2026-03-07 16:12:34,791 - INFO - Fetching news from https://newsapi.org/v2/top-headlines...
2026-03-07 16:12:34,946 - INFO - Successfully fetched 19 articles.
2026-03-07 16:12:34,948 - INFO - Filtered 19 raw articles down to 19 valid articles.
2026-03-07 16:12:34,948 - INFO - Attempting to insert 19 articles into the database...
2026-03-07 16:12:34,948 - INFO - Successfully inserted 0 new articles. Ignored 19 historical duplicates.
2026-03-07 16:12:34,949 - INFO - Pipeline execution completed successfully.
